<?xml version="1.0" encoding="UTF-8"?>
<testsuite xmlns:xsi="http://www.w3.org/2001/XMLSchema-instance" xsi:noNamespaceSchemaLocation="https://maven.apache.org/surefire/maven-surefire-plugin/xsd/surefire-test-report.xsd" name="dispensaTest.AtmTest" time="0.131" tests="3" errors="0" skipped="0" failures="0">
  <properties>
[...]
</properties>
  <testcase name="testaSaque200LimiteExtraDeNotas" classname="dispensaTest.AtmTest" time="0.007"/>
  <testcase name="testaSaque200NoLimiteDeNotas" classname="dispensaTest.AtmTest" time="0"/>
  <testcase name="testaSaqueValorInvalido" classname="dispensaTest.AtmTest" time="0"/>
</testsuite>